15-Jan-2021 07:17:40.140  INFO  [main] amazonTestCases.TestSignIn [BeforeTest] - Driver initated

15-Jan-2021 07:17:47.990  INFO  [main] amazonTestCases.TestSignIn [ValidateTestSignIn] - Driver inititated

15-Jan-2021 07:17:48.140  INFO  [main] amazonTestCases.TestSignIn [ValidateTestSignIn] - Online Shopping site in India: Shop Online for Mobiles, Books, Watches, Shoes and More - Amazon.in

15-Jan-2021 07:32:54.633  INFO  [main] amazonTestCases.TestSignIn [BeforeTest] - Driver initated

15-Jan-2021 07:33:02.254  INFO  [main] amazonTestCases.TestSignIn [ValidateTestSignIn] - Online Shopping site in India: Shop Online for Mobiles, Books, Watches, Shoes and More - Amazon.in

15-Jan-2021 07:33:06.865  INFO  [main] amazonTestCases.TestSignIn [ValidateTestSignIn] - User logging in

15-Jan-2021 07:33:10.260  INFO  [main] amazonTestCases.TestSignIn [ValidateTestSignIn] - Amazon Sign In After clicking on login button 

17-Jan-2021 08:04:02.182  INFO  [main] amazonTestCases.TestSignIn [BeforeTest] - Driver initated

17-Jan-2021 08:07:16.061  INFO  [main] amazonTestCases.TestSignIn [BeforeTest] - Driver initated

17-Jan-2021 08:11:27.414  INFO  [main] amazonTestCases.TestSignIn [BeforeTest] - Driver initated

17-Jan-2021 08:13:35.434  INFO  [main] amazonTestCases.TestSignIn [BeforeTest] - Driver initated

17-Jan-2021 08:19:01.928  INFO  [main] amazonTestCases.TestSignIn [BeforeTest] - Driver initated

17-Jan-2021 08:27:23.429  INFO  [main] amazonTestCases.TestSignIn [BeforeTest] - Driver initated

17-Jan-2021 08:31:52.182  INFO  [main] amazonTestCases.TestSignIn [BeforeTest] - Driver initated

17-Jan-2021 08:33:41.572  INFO  [main] amazonTestCases.TestSignIn [BeforeTest] - Driver initated

17-Jan-2021 08:35:47.161  INFO  [main] amazonTestCases.TestSignIn [BeforeTest] - Driver initated

17-Jan-2021 08:35:59.807  INFO  [main] amazonTestCases.TestSignIn [ValidateTestSignIn] - Title of the page : www.amazon.in

17-Jan-2021 08:36:04.931  INFO  [main] amazonTestCases.TestSignIn [ValidateTestSignInFail] - Title of the page : www.amazon.in

17-Jan-2021 08:38:16.636  INFO  [main] amazonTestCases.TestSignIn [BeforeTest] - Driver initated

17-Jan-2021 08:38:25.105  INFO  [main] amazonTestCases.TestSignIn [ValidateTestSignIn] - Title of the page : Online Shopping site in India: Shop Online for Mobiles, Books, Watches, Shoes and More - Amazon.in

17-Jan-2021 08:38:30.752  INFO  [main] amazonTestCases.TestSignIn [ValidateTestSignIn] - User logging in

17-Jan-2021 08:38:34.050  INFO  [main] amazonTestCases.TestSignIn [ValidateTestSignIn] - Amazon Sign In After clicking on login button 

17-Jan-2021 08:38:34.103  INFO  [main] amazonTestCases.TestSignIn [ValidateTestSignInFail] - Title of the page : Amazon

17-Jan-2021 08:47:30.111  INFO  [main] amazonTestCases.TestSignIn [BeforeTest] - Driver initated

17-Jan-2021 08:47:38.067  INFO  [main] amazonTestCases.TestSignIn [ValidateTestSignIn] - Title of the page : Online Shopping site in India: Shop Online for Mobiles, Books, Watches, Shoes and More - Amazon.in

17-Jan-2021 08:47:42.506  INFO  [main] amazonTestCases.TestSignIn [ValidateTestSignIn] - User logging in

17-Jan-2021 08:47:48.360  INFO  [main] amazonTestCases.TestSignIn [ValidateTestSignIn] - Online Shopping site in India: Shop Online for Mobiles, Books, Watches, Shoes and More - Amazon.in After clicking on login button 

17-Jan-2021 08:47:50.995  INFO  [main] amazonTestCases.TestSignIn [ValidateTestSignInFail] - Title of the page : Amazon Sign In

17-Jan-2021 08:52:30.759  INFO  [main] amazonTestCases.TestSignIn [BeforeTest] - Driver initated

17-Jan-2021 08:52:40.834  INFO  [main] amazonTestCases.TestSignIn [ValidateTestSignIn] - Title of the page : Online Shopping site in India: Shop Online for Mobiles, Books, Watches, Shoes and More - Amazon.in

17-Jan-2021 08:52:45.545  INFO  [main] amazonTestCases.TestSignIn [ValidateTestSignIn] - User logging in

17-Jan-2021 08:52:52.342  INFO  [main] amazonTestCases.TestSignIn [ValidateTestSignIn] -  After clicking on login button 

17-Jan-2021 08:52:57.448  INFO  [main] amazonTestCases.TestSignIn [BeforeTest] - Driver initated

17-Jan-2021 08:53:06.800  INFO  [main] amazonTestCases.TestSignIn [ValidateTestSignInFail] - Title of the page : Online Shopping site in India: Shop Online for Mobiles, Books, Watches, Shoes and More - Amazon.in

17-Jan-2021 08:53:12.723  INFO  [main] amazonTestCases.TestSignIn [ValidateTestSignInFail] - User logging in

17-Jan-2021 08:55:39.496  INFO  [main] amazonTestCases.TestSignIn [BeforeTest] - Driver initated

17-Jan-2021 08:55:53.671  INFO  [main] amazonTestCases.TestSignIn [ValidateTestSignIn] - Title of the page : Online Shopping site in India: Shop Online for Mobiles, Books, Watches, Shoes and More - Amazon.in

17-Jan-2021 08:55:57.768  INFO  [main] amazonTestCases.TestSignIn [ValidateTestSignIn] - User logging in

17-Jan-2021 08:56:04.852  INFO  [main] amazonTestCases.TestSignIn [ValidateTestSignIn] - Online Shopping site in India: Shop Online for Mobiles, Books, Watches, Shoes and More - Amazon.in After clicking on login button 

17-Jan-2021 08:56:10.162  INFO  [main] amazonTestCases.TestSignIn [BeforeTest] - Driver initated

17-Jan-2021 08:56:24.317  INFO  [main] amazonTestCases.TestSignIn [ValidateTestSignInFail] - Title of the page : Online Shopping site in India: Shop Online for Mobiles, Books, Watches, Shoes and More - Amazon.in

17-Jan-2021 08:56:28.576  INFO  [main] amazonTestCases.TestSignIn [ValidateTestSignInFail] - User logging in

17-Jan-2021 08:56:31.802  INFO  [main] amazonTestCases.TestSignIn [ValidateTestSignInFail] -  After clicking on login button 

17-Jan-2021 08:56:31.810  INFO  [main] amazonTestCases.TestSignIn [ValidateTestSignInFail] - Login Failes , due to incorrect password

17-Jan-2021 11:47:38.738  INFO  [main] amazonTestCases.TestSignIn [BeforeTest] - Driver initated

17-Jan-2021 11:47:50.824  INFO  [main] amazonTestCases.TestSignIn [ValidateTestSignIn] - Title of the page : Online Shopping site in India: Shop Online for Mobiles, Books, Watches, Shoes and More - Amazon.in

17-Jan-2021 11:47:57.127  INFO  [main] amazonTestCases.TestSignIn [ValidateTestSignIn] - User logging in

17-Jan-2021 11:48:04.713  INFO  [main] amazonTestCases.TestSignIn [ValidateTestSignIn] - Amazon Sign In After clicking on login button 

17-Jan-2021 11:48:11.224  INFO  [main] amazonTestCases.TestSignIn [BeforeTest] - Driver initated

17-Jan-2021 11:48:25.098  INFO  [main] amazonTestCases.TestSignIn [ValidateTestSignInFail] - Title of the page : Online Shopping site in India: Shop Online for Mobiles, Books, Watches, Shoes and More - Amazon.in

17-Jan-2021 11:48:31.537  INFO  [main] amazonTestCases.TestSignIn [ValidateTestSignInFail] - User logging in

17-Jan-2021 11:48:34.462  INFO  [main] amazonTestCases.TestSignIn [ValidateTestSignInFail] - Amazon Sign In After clicking on login button 

17-Jan-2021 11:48:34.476  INFO  [main] amazonTestCases.TestSignIn [ValidateTestSignInFail] - Login Failes , due to incorrect password

17-Jan-2021 11:52:51.830  INFO  [main] amazonTestCases.TestSignIn [BeforeTest] - Driver initated

17-Jan-2021 11:53:05.588  INFO  [main] amazonTestCases.TestSignIn [ValidateTestSignIn] - Title of the page : Online Shopping site in India: Shop Online for Mobiles, Books, Watches, Shoes and More - Amazon.in

17-Jan-2021 11:53:11.602  INFO  [main] amazonTestCases.TestSignIn [ValidateTestSignIn] - User logging in

17-Jan-2021 11:53:11.827  INFO  [main] amazonTestCases.TestSignIn [ValidateTestSignIn] - Amazon Sign In After clicking on login button 

17-Jan-2021 11:55:10.700  INFO  [main] amazonTestCases.TestSignIn [BeforeTest] - Driver initated

17-Jan-2021 12:01:13.944  INFO  [main] amazonTestCases.TestSignIn [BeforeTest] - Driver initated

17-Jan-2021 12:02:50.580  INFO  [main] amazonTestCases.TestSignIn [BeforeTest] - Driver initated

17-Jan-2021 12:03:14.009  INFO  [main] amazonTestCases.TestSignIn [ValidateTestSignIn] - Title of the page : Online Shopping site in India: Shop Online for Mobiles, Books, Watches, Shoes and More - Amazon.in

17-Jan-2021 12:03:20.403  INFO  [main] amazonTestCases.TestSignIn [ValidateTestSignIn] - User logging in

17-Jan-2021 12:03:29.422  INFO  [main] amazonTestCases.TestSignIn [ValidateTestSignIn] - Amazon Sign In After clicking on login button 

17-Jan-2021 12:03:35.073  INFO  [main] amazonTestCases.TestSignIn [BeforeTest] - Driver initated

17-Jan-2021 12:03:49.918  INFO  [main] amazonTestCases.TestSignIn [ValidateTestSignInFail] - Title of the page : Online Shopping site in India: Shop Online for Mobiles, Books, Watches, Shoes and More - Amazon.in

17-Jan-2021 12:03:56.204  INFO  [main] amazonTestCases.TestSignIn [ValidateTestSignInFail] - User logging in

17-Jan-2021 12:03:56.413  INFO  [main] amazonTestCases.TestSignIn [ValidateTestSignInFail] - Amazon Sign In After clicking on login button 

17-Jan-2021 12:03:59.464  INFO  [main] amazonTestCases.TestSignIn [ValidateTestSignInFail] - Login Failes , due to incorrect password

17-Jan-2021 12:11:46.675  INFO  [main] amazonTestCases.TestSignIn [BeforeTest] - Driver initated

17-Jan-2021 12:23:48.637  INFO  [main] amazonTestCases.TestSignIn [BeforeTest] - Driver initated

17-Jan-2021 13:17:27.179  INFO  [main] amazonTestCases.TestSignIn [BeforeTest] - Driver initated

17-Jan-2021 13:35:08.318  INFO  [main] amazonTestCases.TestSignIn [BeforeTest] - Driver initated

17-Jan-2021 13:35:53.295  INFO  [main] amazonTestCases.TestSignIn [ValidateTestSignIn] - Title of the page : Online Shopping site in India: Shop Online for Mobiles, Books, Watches, Shoes and More - Amazon.in

17-Jan-2021 13:36:10.240  INFO  [main] amazonTestCases.TestSignIn [ValidateTestSignIn] - User logging in

17-Jan-2021 13:36:18.873  INFO  [main] amazonTestCases.TestSignIn [ValidateTestSignIn] - Amazon Sign In After clicking on login button 

17-Jan-2021 13:36:27.134  INFO  [main] amazonTestCases.TestSignIn [BeforeTest] - Driver initated

17-Jan-2021 13:37:10.524  INFO  [main] amazonTestCases.TestSignIn [ValidateTestSignInFail] - Title of the page : Online Shopping site in India: Shop Online for Mobiles, Books, Watches, Shoes and More - Amazon.in

17-Jan-2021 13:37:26.812  INFO  [main] amazonTestCases.TestSignIn [ValidateTestSignInFail] - User logging in

17-Jan-2021 13:37:30.675  INFO  [main] amazonTestCases.TestSignIn [ValidateTestSignInFail] - Amazon Sign In After clicking on login button 

17-Jan-2021 13:37:30.688  INFO  [main] amazonTestCases.TestSignIn [ValidateTestSignInFail] - Login Failes , due to incorrect password

17-Jan-2021 14:14:07.083  INFO  [main] amazonTestCases.TestSignIn [BeforeTest] - Driver initated

17-Jan-2021 14:14:23.513  INFO  [main] amazonTestCases.TestSignIn [ValidateTestSignIn] - Title of the page : Online Shopping site in India: Shop Online for Mobiles, Books, Watches, Shoes and More - Amazon.in

17-Jan-2021 14:14:28.962  INFO  [main] amazonTestCases.TestSignIn [ValidateTestSignIn] - User logging in

17-Jan-2021 14:14:38.109  INFO  [main] amazonTestCases.TestSignIn [ValidateTestSignIn] - Online Shopping site in India: Shop Online for Mobiles, Books, Watches, Shoes and More - Amazon.in After clicking on login button 

17-Jan-2021 14:14:44.326  INFO  [main] amazonTestCases.TestSignIn [BeforeTest] - Driver initated

17-Jan-2021 14:14:54.628  INFO  [main] amazonTestCases.TestSignIn [ValidateTestSignInFail] - Title of the page : Online Shopping site in India: Shop Online for Mobiles, Books, Watches, Shoes and More - Amazon.in

17-Jan-2021 14:15:00.540  INFO  [main] amazonTestCases.TestSignIn [ValidateTestSignInFail] - User logging in

17-Jan-2021 14:15:04.217  INFO  [main] amazonTestCases.TestSignIn [ValidateTestSignInFail] - Amazon Sign In After clicking on login button 

17-Jan-2021 14:15:04.234  INFO  [main] amazonTestCases.TestSignIn [ValidateTestSignInFail] - Login Failes , due to incorrect password

17-Jan-2021 14:16:00.891  INFO  [main] amazonTestCases.TestSignIn [BeforeTest] - Driver initated

17-Jan-2021 14:16:10.568  INFO  [main] amazonTestCases.TestSignIn [ValidateTestSignIn] - Title of the page : Online Shopping site in India: Shop Online for Mobiles, Books, Watches, Shoes and More - Amazon.in

17-Jan-2021 14:16:15.010  INFO  [main] amazonTestCases.TestSignIn [ValidateTestSignIn] - User logging in

17-Jan-2021 14:16:23.524  INFO  [main] amazonTestCases.TestSignIn [ValidateTestSignIn] - Online Shopping site in India: Shop Online for Mobiles, Books, Watches, Shoes and More - Amazon.in After clicking on login button 

17-Jan-2021 14:16:29.036  INFO  [main] amazonTestCases.TestSignIn [BeforeTest] - Driver initated

17-Jan-2021 14:16:43.100  INFO  [main] amazonTestCases.TestSignIn [ValidateTestSignInFail] - Title of the page : Online Shopping site in India: Shop Online for Mobiles, Books, Watches, Shoes and More - Amazon.in

17-Jan-2021 14:16:49.074  INFO  [main] amazonTestCases.TestSignIn [ValidateTestSignInFail] - User logging in

17-Jan-2021 14:16:52.587  INFO  [main] amazonTestCases.TestSignIn [ValidateTestSignInFail] -  After clicking on login button 

17-Jan-2021 14:16:52.594  INFO  [main] amazonTestCases.TestSignIn [ValidateTestSignInFail] - Login Failes , due to incorrect password

17-Jan-2021 17:53:36.365  INFO  [main] amazonTestCases.TestSignIn [BeforeTest] - Driver initated

17-Jan-2021 17:54:22.773  INFO  [main] amazonTestCases.TestSignIn [ValidateTestSignIn] - Title of the page : Online Shopping site in India: Shop Online for Mobiles, Books, Watches, Shoes and More - Amazon.in

17-Jan-2021 17:54:31.483  INFO  [main] amazonTestCases.TestSignIn [ValidateTestSignIn] - User logging in

17-Jan-2021 17:54:54.050  INFO  [main] amazonTestCases.TestSignIn [ValidateTestSignIn] - Online Shopping site in India: Shop Online for Mobiles, Books, Watches, Shoes and More - Amazon.in After clicking on login button 

17-Jan-2021 17:55:00.076  INFO  [main] amazonTestCases.TestSignIn [BeforeTest] - Driver initated

17-Jan-2021 17:55:34.971  INFO  [main] amazonTestCases.TestSignIn [ValidateTestSignInFail] - Title of the page : Online Shopping site in India: Shop Online for Mobiles, Books, Watches, Shoes and More - Amazon.in

17-Jan-2021 17:55:40.104  INFO  [main] amazonTestCases.TestSignIn [ValidateTestSignInFail] - User logging in

17-Jan-2021 17:55:44.104  INFO  [main] amazonTestCases.TestSignIn [ValidateTestSignInFail] - Amazon Sign In After clicking on login button 

17-Jan-2021 17:55:44.114  INFO  [main] amazonTestCases.TestSignIn [ValidateTestSignInFail] - Login Failes , due to incorrect password

17-Jan-2021 20:03:43.206  INFO  [main] amazonTestCases.TestSignIn [BeforeTest] - Driver initated

17-Jan-2021 20:03:58.777  INFO  [main] amazonTestCases.TestSignIn [ValidateTestSignIn] - Title of the page : Online Shopping site in India: Shop Online for Mobiles, Books, Watches, Shoes and More - Amazon.in

17-Jan-2021 20:04:06.989  INFO  [main] amazonTestCases.TestSignIn [ValidateTestSignIn] - User logging in

17-Jan-2021 20:04:07.172  INFO  [main] amazonTestCases.TestSignIn [ValidateTestSignIn] - Amazon Sign In After clicking on login button 

17-Jan-2021 20:04:29.995  INFO  [main] amazonTestCases.TestSignIn [BeforeTest] - Driver initated

17-Jan-2021 20:05:07.753  INFO  [main] amazonTestCases.TestSignIn [ValidateTestSignInFail] - Title of the page : Online Shopping site in India: Shop Online for Mobiles, Books, Watches, Shoes and More - Amazon.in

17-Jan-2021 20:05:15.085  INFO  [main] amazonTestCases.TestSignIn [ValidateTestSignInFail] - User logging in

17-Jan-2021 20:05:22.425  INFO  [main] amazonTestCases.TestSignIn [ValidateTestSignInFail] -  After clicking on login button 

17-Jan-2021 20:05:22.437  INFO  [main] amazonTestCases.TestSignIn [ValidateTestSignInFail] - Login Failes , due to incorrect password

17-Jan-2021 20:14:57.213  INFO  [main] amazonTestCases.TestSignIn [BeforeTest] - Driver initated

17-Jan-2021 20:15:08.013  INFO  [main] amazonTestCases.TestSignIn [ValidateTestSignIn] - Title of the page : Online Shopping site in India: Shop Online for Mobiles, Books, Watches, Shoes and More - Amazon.in

17-Jan-2021 20:15:15.897  INFO  [main] amazonTestCases.TestSignIn [ValidateTestSignIn] - User logging in

17-Jan-2021 20:15:33.741  INFO  [main] amazonTestCases.TestSignIn [ValidateTestSignIn] - Online Shopping site in India: Shop Online for Mobiles, Books, Watches, Shoes and More - Amazon.in After clicking on login button 

17-Jan-2021 20:15:39.244  INFO  [main] amazonTestCases.TestSignIn [BeforeTest] - Driver initated

17-Jan-2021 20:16:00.218  INFO  [main] amazonTestCases.TestSignIn [ValidateTestSignInFail] - Title of the page : Online Shopping site in India: Shop Online for Mobiles, Books, Watches, Shoes and More - Amazon.in

17-Jan-2021 20:16:06.823  INFO  [main] amazonTestCases.TestSignIn [ValidateTestSignInFail] - User logging in

17-Jan-2021 20:16:10.813  INFO  [main] amazonTestCases.TestSignIn [ValidateTestSignInFail] -  After clicking on login button 

17-Jan-2021 20:16:10.821  INFO  [main] amazonTestCases.TestSignIn [ValidateTestSignInFail] - Login Failes , due to incorrect password

18-Jan-2021 06:29:41.080  INFO  [main] amazonTestCases.TestSignIn [BeforeTest] - Driver initated

18-Jan-2021 06:29:52.847  INFO  [main] amazonTestCases.TestSignIn [ValidateTestSignIn] - Title of the page : Online Shopping site in India: Shop Online for Mobiles, Books, Watches, Shoes and More - Amazon.in

18-Jan-2021 06:30:01.180  INFO  [main] amazonTestCases.TestSignIn [ValidateTestSignIn] - User logging in

18-Jan-2021 06:30:04.637  INFO  [main] amazonTestCases.TestSignIn [ValidateTestSignIn] - Amazon Sign In After clicking on login button 

18-Jan-2021 06:30:07.738  INFO  [main] amazonTestCases.TestSignIn [BeforeTest] - Driver initated

18-Jan-2021 06:30:17.758  INFO  [main] amazonTestCases.TestSignIn [ValidateTestSignInFail] - Title of the page : Online Shopping site in India: Shop Online for Mobiles, Books, Watches, Shoes and More - Amazon.in

18-Jan-2021 06:30:23.210  INFO  [main] amazonTestCases.TestSignIn [ValidateTestSignInFail] - User logging in

18-Jan-2021 06:30:25.957  INFO  [main] amazonTestCases.TestSignIn [ValidateTestSignInFail] - Amazon Sign In After clicking on login button 

18-Jan-2021 06:30:25.966  INFO  [main] amazonTestCases.TestSignIn [ValidateTestSignInFail] - Login Failes , due to incorrect password

18-Jan-2021 06:37:06.238  INFO  [main] amazonTestCases.TestSignIn [BeforeTest] - Driver initated

18-Jan-2021 06:37:19.261  INFO  [main] amazonTestCases.TestSignIn [ValidateTestSignIn] - Title of the page : Online Shopping site in India: Shop Online for Mobiles, Books, Watches, Shoes and More - Amazon.in

18-Jan-2021 06:37:24.989  INFO  [main] amazonTestCases.TestSignIn [ValidateTestSignIn] - User logging in

18-Jan-2021 06:37:25.225  INFO  [main] amazonTestCases.TestSignIn [ValidateTestSignIn] - Amazon Sign In After clicking on login button 

18-Jan-2021 06:37:36.376  INFO  [main] amazonTestCases.TestSignIn [BeforeTest] - Driver initated

18-Jan-2021 06:37:49.436  INFO  [main] amazonTestCases.TestSignIn [ValidateTestSignInFail] - Title of the page : Online Shopping site in India: Shop Online for Mobiles, Books, Watches, Shoes and More - Amazon.in

18-Jan-2021 06:37:56.984  INFO  [main] amazonTestCases.TestSignIn [ValidateTestSignInFail] - User logging in

18-Jan-2021 06:38:01.041  INFO  [main] amazonTestCases.TestSignIn [ValidateTestSignInFail] - Amazon Sign In After clicking on login button 

18-Jan-2021 06:38:01.056  INFO  [main] amazonTestCases.TestSignIn [ValidateTestSignInFail] - Login Failes , due to incorrect password

18-Jan-2021 06:47:55.306  INFO  [main] amazonTestCases.TestSignIn [BeforeTest] - Driver initated

18-Jan-2021 06:48:11.798  INFO  [main] amazonTestCases.TestSignIn [ValidateTestSignIn] - Title of the page : Online Shopping site in India: Shop Online for Mobiles, Books, Watches, Shoes and More - Amazon.in

18-Jan-2021 06:48:31.946  INFO  [main] amazonTestCases.TestSignIn [ValidateTestSignIn] - User logging in

18-Jan-2021 06:48:42.295  INFO  [main] amazonTestCases.TestSignIn [ValidateTestSignIn] - Amazon Sign In After clicking on login button 

18-Jan-2021 06:48:45.847  INFO  [main] amazonTestCases.TestSignIn [BeforeTest] - Driver initated

18-Jan-2021 06:48:57.362  INFO  [main] amazonTestCases.TestSignIn [ValidateTestSignInFail] - Title of the page : Online Shopping site in India: Shop Online for Mobiles, Books, Watches, Shoes and More - Amazon.in

18-Jan-2021 06:49:02.971  INFO  [main] amazonTestCases.TestSignIn [ValidateTestSignInFail] - User logging in

18-Jan-2021 06:49:06.567  INFO  [main] amazonTestCases.TestSignIn [ValidateTestSignInFail] - Amazon Sign In After clicking on login button 

18-Jan-2021 06:49:06.576  INFO  [main] amazonTestCases.TestSignIn [ValidateTestSignInFail] - Login Failes , due to incorrect password

18-Jan-2021 06:51:53.543  INFO  [main] amazonTestCases.TestSignIn [BeforeTest] - Driver initated

18-Jan-2021 06:52:03.860  INFO  [main] amazonTestCases.TestSignIn [ValidateTestSignIn] - Title of the page : Online Shopping site in India: Shop Online for Mobiles, Books, Watches, Shoes and More - Amazon.in

18-Jan-2021 06:52:09.705  INFO  [main] amazonTestCases.TestSignIn [ValidateTestSignIn] - User logging in

18-Jan-2021 06:52:18.366  INFO  [main] amazonTestCases.TestSignIn [ValidateTestSignIn] - Amazon Sign In After clicking on login button 

18-Jan-2021 06:52:22.261  INFO  [main] amazonTestCases.TestSignIn [BeforeTest] - Driver initated

18-Jan-2021 06:52:34.440  INFO  [main] amazonTestCases.TestSignIn [ValidateTestSignInFail] - Title of the page : Online Shopping site in India: Shop Online for Mobiles, Books, Watches, Shoes and More - Amazon.in

18-Jan-2021 06:52:40.768  INFO  [main] amazonTestCases.TestSignIn [ValidateTestSignInFail] - User logging in

18-Jan-2021 06:52:44.881  INFO  [main] amazonTestCases.TestSignIn [ValidateTestSignInFail] - Amazon Sign In After clicking on login button 

18-Jan-2021 06:52:44.887  INFO  [main] amazonTestCases.TestSignIn [ValidateTestSignInFail] - Login Failes , due to incorrect password

18-Jan-2021 06:55:08.100  INFO  [main] amazonTestCases.TestSignIn [BeforeTest] - Driver initated

18-Jan-2021 06:55:22.323  INFO  [main] amazonTestCases.TestSignIn [ValidateTestSignIn] - Title of the page : Online Shopping site in India: Shop Online for Mobiles, Books, Watches, Shoes and More - Amazon.in

18-Jan-2021 06:55:27.900  INFO  [main] amazonTestCases.TestSignIn [ValidateTestSignIn] - User logging in

18-Jan-2021 06:55:37.706  INFO  [main] amazonTestCases.TestSignIn [ValidateTestSignIn] - Amazon Sign In After clicking on login button 

18-Jan-2021 06:55:43.772  INFO  [main] amazonTestCases.TestSignIn [BeforeTest] - Driver initated

18-Jan-2021 06:55:55.936  INFO  [main] amazonTestCases.TestSignIn [ValidateTestSignInFail] - Title of the page : Online Shopping site in India: Shop Online for Mobiles, Books, Watches, Shoes and More - Amazon.in

18-Jan-2021 06:56:02.066  INFO  [main] amazonTestCases.TestSignIn [ValidateTestSignInFail] - User logging in

18-Jan-2021 06:56:06.206  INFO  [main] amazonTestCases.TestSignIn [ValidateTestSignInFail] - Amazon Sign In After clicking on login button 

18-Jan-2021 06:56:06.215  INFO  [main] amazonTestCases.TestSignIn [ValidateTestSignInFail] - Login Failes , due to incorrect password

18-Jan-2021 07:03:33.328  INFO  [main] amazonTestCases.TestSignIn [BeforeTest] - Driver initated

18-Jan-2021 07:03:56.866  INFO  [main] amazonTestCases.TestSignIn [ValidateTestSignIn] - Title of the page : Online Shopping site in India: Shop Online for Mobiles, Books, Watches, Shoes and More - Amazon.in

18-Jan-2021 07:04:06.415  INFO  [main] amazonTestCases.TestSignIn [ValidateTestSignIn] - User logging in

18-Jan-2021 07:04:06.639  INFO  [main] amazonTestCases.TestSignIn [ValidateTestSignIn] - Amazon Sign In After clicking on login button 

18-Jan-2021 07:04:29.923  INFO  [main] amazonTestCases.TestSignIn [BeforeTest] - Driver initated

18-Jan-2021 07:04:49.108  INFO  [main] amazonTestCases.TestSignIn [ValidateTestSignInFail] - Title of the page : Online Shopping site in India: Shop Online for Mobiles, Books, Watches, Shoes and More - Amazon.in

18-Jan-2021 07:04:59.220  INFO  [main] amazonTestCases.TestSignIn [ValidateTestSignInFail] - User logging in

18-Jan-2021 07:04:59.409  INFO  [main] amazonTestCases.TestSignIn [ValidateTestSignInFail] - Amazon Sign In After clicking on login button 

18-Jan-2021 07:05:02.170  INFO  [main] amazonTestCases.TestSignIn [ValidateTestSignInFail] - Login Failes , due to incorrect password

18-Jan-2021 07:06:04.212  INFO  [main] amazonTestCases.TestSignIn [BeforeTest] - Driver initated

18-Jan-2021 07:06:28.162  INFO  [main] amazonTestCases.TestSignIn [ValidateTestSignIn] - Title of the page : Online Shopping site in India: Shop Online for Mobiles, Books, Watches, Shoes and More - Amazon.in

18-Jan-2021 07:07:03.999  INFO  [main] amazonTestCases.TestSignIn [ValidateTestSignIn] - User logging in

18-Jan-2021 07:07:30.523  INFO  [main] amazonTestCases.TestSignIn [ValidateTestSignIn] - Online Shopping site in India: Shop Online for Mobiles, Books, Watches, Shoes and More - Amazon.in After clicking on login button 

18-Jan-2021 07:07:37.260  INFO  [main] amazonTestCases.TestSignIn [BeforeTest] - Driver initated

18-Jan-2021 07:07:52.107  INFO  [main] amazonTestCases.TestSignIn [ValidateTestSignInFail] - Title of the page : Online Shopping site in India: Shop Online for Mobiles, Books, Watches, Shoes and More - Amazon.in

18-Jan-2021 07:08:00.105  INFO  [main] amazonTestCases.TestSignIn [ValidateTestSignInFail] - User logging in

18-Jan-2021 07:08:00.394  INFO  [main] amazonTestCases.TestSignIn [ValidateTestSignInFail] - Amazon Sign In After clicking on login button 

18-Jan-2021 07:08:14.470  INFO  [main] amazonTestCases.TestSignIn [ValidateTestSignInFail] - Login Failes , due to incorrect password

19-Jan-2021 10:08:08.728  INFO  [main] amazonTestCases.TestSignIn [BeforeTest] - Driver initated

19-Jan-2021 10:08:18.950  INFO  [main] amazonTestCases.TestSignIn [ValidateTestSignIn] - Title of the page : Online Shopping site in India: Shop Online for Mobiles, Books, Watches, Shoes and More - Amazon.in

19-Jan-2021 10:08:23.363  INFO  [main] amazonTestCases.TestSignIn [ValidateTestSignIn] - User logging in

19-Jan-2021 10:08:26.117  INFO  [main] amazonTestCases.TestSignIn [ValidateTestSignIn] - Amazon After clicking on login button 

19-Jan-2021 10:08:28.434  INFO  [main] amazonTestCases.TestSignIn [BeforeTest] - Driver initated

19-Jan-2021 10:08:41.208  INFO  [main] amazonTestCases.TestSignIn [ValidateTestSignInFail] - Title of the page : Online Shopping site in India: Shop Online for Mobiles, Books, Watches, Shoes and More - Amazon.in

19-Jan-2021 10:08:45.519  INFO  [main] amazonTestCases.TestSignIn [ValidateTestSignInFail] - User logging in

19-Jan-2021 10:08:48.385  INFO  [main] amazonTestCases.TestSignIn [ValidateTestSignInFail] - Amazon Sign In After clicking on login button 

19-Jan-2021 10:08:48.395  INFO  [main] amazonTestCases.TestSignIn [ValidateTestSignInFail] - Login Failes , due to incorrect password

19-Jan-2021 22:25:29.311  INFO  [main] amazonTestCases.TestSignIn [BeforeTest] - Driver initated

19-Jan-2021 22:25:42.191  INFO  [main] amazonTestCases.TestSignIn [ValidateTestSignIn] - Title of the page : Online Shopping site in India: Shop Online for Mobiles, Books, Watches, Shoes and More - Amazon.in

19-Jan-2021 22:25:47.128  INFO  [main] amazonTestCases.TestSignIn [ValidateTestSignIn] - User logging in

19-Jan-2021 22:25:49.858  INFO  [main] amazonTestCases.TestSignIn [BeforeTest] - Driver initated

19-Jan-2021 22:26:05.471  INFO  [main] amazonTestCases.TestSignIn [ValidateTestSignInFail] - Title of the page : Online Shopping site in India: Shop Online for Mobiles, Books, Watches, Shoes and More - Amazon.in

19-Jan-2021 22:26:10.944  INFO  [main] amazonTestCases.TestSignIn [ValidateTestSignInFail] - User logging in

19-Jan-2021 22:26:14.284  INFO  [main] amazonTestCases.TestSignIn [ValidateTestSignInFail] - Amazon Sign In After clicking on login button 

19-Jan-2021 22:26:14.294  INFO  [main] amazonTestCases.TestSignIn [ValidateTestSignInFail] - Login Failes , due to incorrect password

20-Jan-2021 11:57:17.463  INFO  [main] amazonTestCases.TestSignIn [ValidateTestSignIn] - Title of the page : Online Shopping site in India: Shop Online for Mobiles, Books, Watches, Shoes and More - Amazon.in

20-Jan-2021 11:57:21.108  INFO  [main] amazonTestCases.TestSignIn [ValidateTestSignIn] - User logging in

20-Jan-2021 11:57:27.870  INFO  [main] amazonTestCases.TestSignIn [ValidateTestSignInFail] - Title of the page : Online Shopping site in India: Shop Online for Mobiles, Books, Watches, Shoes and More - Amazon.in

20-Jan-2021 11:57:32.749  INFO  [main] amazonTestCases.TestSignIn [ValidateTestSignInFail] - User logging in

20-Jan-2021 11:57:33.251  INFO  [main] amazonTestCases.TestSignIn [ValidateTestSignInFail] - Amazon Sign In After clicking on login button 

20-Jan-2021 11:57:35.431  INFO  [main] amazonTestCases.TestSignIn [ValidateTestSignInFail] - Login Failes , due to incorrect password

20-Jan-2021 14:48:41.155  INFO  [main] amazonTestCases.TestSignIn [ValidateTestSignIn] - Title of the page : Online Shopping site in India: Shop Online for Mobiles, Books, Watches, Shoes and More - Amazon.in

20-Jan-2021 14:48:50.434  INFO  [main] amazonTestCases.TestSignIn [ValidateTestSignIn] - User logging in

20-Jan-2021 14:49:11.629  INFO  [main] amazonTestCases.TestSignIn [ValidateTestSignInFail] - Title of the page : Online Shopping site in India: Shop Online for Mobiles, Books, Watches, Shoes and More - Amazon.in

20-Jan-2021 14:49:15.173  INFO  [main] amazonTestCases.TestSignIn [ValidateTestSignInFail] - User logging in

20-Jan-2021 14:49:17.726  INFO  [main] amazonTestCases.TestSignIn [ValidateTestSignInFail] - Amazon Sign In After clicking on login button 

20-Jan-2021 14:49:17.738  INFO  [main] amazonTestCases.TestSignIn [ValidateTestSignInFail] - Login Failes , due to incorrect password

20-Jan-2021 22:10:58.479  INFO  [main] amazonTestCases.TestSignIn [ValidateTestSignIn] - Title of the page : Online Shopping site in India: Shop Online for Mobiles, Books, Watches, Shoes and More - Amazon.in

20-Jan-2021 22:11:07.427  INFO  [main] amazonTestCases.TestSignIn [ValidateTestSignIn] - User logging in

20-Jan-2021 22:11:37.816  INFO  [main] amazonTestCases.TestSignIn [ValidateTestSignInFail] - Title of the page : Online Shopping site in India: Shop Online for Mobiles, Books, Watches, Shoes and More - Amazon.in

20-Jan-2021 22:11:47.228  INFO  [main] amazonTestCases.TestSignIn [ValidateTestSignInFail] - User logging in

20-Jan-2021 22:11:50.750  INFO  [main] amazonTestCases.TestSignIn [ValidateTestSignInFail] -  After clicking on login button 

20-Jan-2021 22:11:50.763  INFO  [main] amazonTestCases.TestSignIn [ValidateTestSignInFail] - Login Failes , due to incorrect password

23-Jan-2021 12:31:19.555  INFO  [main] amazonTestCases.TestSignIn [ValidateTestSignIn] - Title of the page : Online Shopping site in India: Shop Online for Mobiles, Books, Watches, Shoes and More - Amazon.in

23-Jan-2021 12:31:23.912  INFO  [main] amazonTestCases.TestSignIn [ValidateTestSignIn] - User logging in

23-Jan-2021 12:31:39.093  INFO  [main] amazonTestCases.TestSignIn [ValidateTestSignInFail] - Title of the page : Online Shopping site in India: Shop Online for Mobiles, Books, Watches, Shoes and More - Amazon.in

23-Jan-2021 12:31:43.299  INFO  [main] amazonTestCases.TestSignIn [ValidateTestSignInFail] - User logging in

23-Jan-2021 12:31:46.308  INFO  [main] amazonTestCases.TestSignIn [ValidateTestSignInFail] - Amazon Sign In After clicking on login button 

23-Jan-2021 12:31:46.316  INFO  [main] amazonTestCases.TestSignIn [ValidateTestSignInFail] - Login Failes , due to incorrect password

23-Jan-2021 12:55:11.283  INFO  [main] amazonTestCases.TestSignIn [ValidateTestSignIn] - Title of the page : Online Shopping site in India: Shop Online for Mobiles, Books, Watches, Shoes and More - Amazon.in

23-Jan-2021 12:55:17.379  INFO  [main] amazonTestCases.TestSignIn [ValidateTestSignIn] - User logging in

23-Jan-2021 12:57:43.686  INFO  [main] amazonTestCases.TestSignIn [ValidateTestSignIn] - Title of the page : Online Shopping site in India: Shop Online for Mobiles, Books, Watches, Shoes and More - Amazon.in

23-Jan-2021 12:57:47.884  INFO  [main] amazonTestCases.TestSignIn [ValidateTestSignIn] - User logging in

23-Jan-2021 12:59:30.065  INFO  [main] amazonTestCases.TestSignIn [ValidateTestSignIn] - Title of the page : Online Shopping site in India: Shop Online for Mobiles, Books, Watches, Shoes and More - Amazon.in

23-Jan-2021 12:59:35.045  INFO  [main] amazonTestCases.TestSignIn [ValidateTestSignIn] - User logging in

23-Jan-2021 13:04:06.988  INFO  [main] amazonTestCases.TestSignIn [ValidateTestSignIn] - Title of the page : Online Shopping site in India: Shop Online for Mobiles, Books, Watches, Shoes and More - Amazon.in

23-Jan-2021 13:04:12.095  INFO  [main] amazonTestCases.TestSignIn [ValidateTestSignIn] - User logging in

23-Jan-2021 13:08:21.822  INFO  [main] amazonTestCases.TestSignIn [ValidateTestSignIn] - Title of the page : Online Shopping site in India: Shop Online for Mobiles, Books, Watches, Shoes and More - Amazon.in

23-Jan-2021 13:08:25.863  INFO  [main] amazonTestCases.TestSignIn [ValidateTestSignIn] - User logging in

23-Jan-2021 15:43:19.226  INFO  [main] amazonTestCases.TestSignIn [ValidateTestSignIn] - Title of the page : Online Shopping site in India: Shop Online for Mobiles, Books, Watches, Shoes and More - Amazon.in

23-Jan-2021 15:43:25.280  INFO  [main] amazonTestCases.TestSignIn [ValidateTestSignIn] - User logging in

23-Jan-2021 16:27:47.937  INFO  [main] amazonTestCases.TestSignIn [ValidateTestSignIn] - Title of the page : Online Shopping site in India: Shop Online for Mobiles, Books, Watches, Shoes and More - Amazon.in

23-Jan-2021 16:30:35.778  INFO  [main] amazonTestCases.TestSignIn [ValidateTestSignIn] - Title of the page : Online Shopping site in India: Shop Online for Mobiles, Books, Watches, Shoes and More - Amazon.in

23-Jan-2021 16:30:42.591  INFO  [main] amazonTestCases.TestSignIn [ValidateTestSignIn] - User logging in

23-Jan-2021 16:31:01.829  INFO  [main] amazonTestCases.TestSignIn [ValidateTestSignInFail] - Title of the page : Online Shopping site in India: Shop Online for Mobiles, Books, Watches, Shoes and More - Amazon.in

23-Jan-2021 16:31:10.640  INFO  [main] amazonTestCases.TestSignIn [ValidateTestSignInFail] - User logging in

23-Jan-2021 16:31:10.843  INFO  [main] amazonTestCases.TestSignIn [ValidateTestSignInFail] - Amazon Sign In After clicking on login button 

23-Jan-2021 16:31:14.905  INFO  [main] amazonTestCases.TestSignIn [ValidateTestSignInFail] - Login Failes , due to incorrect password

23-Jan-2021 19:21:00.133  INFO  [main] amazonTestCases.TestSignIn [ValidateTestSignIn] - Title of the page : Online Shopping site in India: Shop Online for Mobiles, Books, Watches, Shoes and More - Amazon.in

23-Jan-2021 19:21:11.072  INFO  [main] amazonTestCases.TestSignIn [ValidateTestSignIn] - User logging in

23-Jan-2021 19:21:36.040  INFO  [main] amazonTestCases.TestSignIn [ValidateTestSignInFail] - Title of the page : Online Shopping site in India: Shop Online for Mobiles, Books, Watches, Shoes and More - Amazon.in

23-Jan-2021 19:21:47.945  INFO  [main] amazonTestCases.TestSignIn [ValidateTestSignInFail] - User logging in

23-Jan-2021 19:21:54.391  INFO  [main] amazonTestCases.TestSignIn [ValidateTestSignInFail] -  After clicking on login button 

23-Jan-2021 19:21:54.404  INFO  [main] amazonTestCases.TestSignIn [ValidateTestSignInFail] - Login Failes , due to incorrect password

23-Jan-2021 19:23:13.083  INFO  [main] amazonTestCases.TestSignIn [ValidateTestSignIn] - Title of the page : Online Shopping site in India: Shop Online for Mobiles, Books, Watches, Shoes and More - Amazon.in

23-Jan-2021 19:23:22.024  INFO  [main] amazonTestCases.TestSignIn [ValidateTestSignIn] - User logging in

23-Jan-2021 19:23:40.416  INFO  [main] amazonTestCases.TestSignIn [ValidateTestSignInFail] - Title of the page : Online Shopping site in India: Shop Online for Mobiles, Books, Watches, Shoes and More - Amazon.in

23-Jan-2021 19:23:47.093  INFO  [main] amazonTestCases.TestSignIn [ValidateTestSignInFail] - User logging in

23-Jan-2021 19:23:50.464  INFO  [main] amazonTestCases.TestSignIn [ValidateTestSignInFail] - Amazon Sign In After clicking on login button 

23-Jan-2021 19:23:50.476  INFO  [main] amazonTestCases.TestSignIn [ValidateTestSignInFail] - Login Failes , due to incorrect password

23-Jan-2021 19:26:40.145  INFO  [main] amazonTestCases.TestSignIn [ValidateTestSignIn] - Title of the page : Online Shopping site in India: Shop Online for Mobiles, Books, Watches, Shoes and More - Amazon.in

23-Jan-2021 19:26:50.347  INFO  [main] amazonTestCases.TestSignIn [ValidateTestSignIn] - User logging in

23-Jan-2021 19:27:13.463  INFO  [main] amazonTestCases.TestSignIn [ValidateTestSignInFail] - Title of the page : Online Shopping site in India: Shop Online for Mobiles, Books, Watches, Shoes and More - Amazon.in

23-Jan-2021 19:27:25.417  INFO  [main] amazonTestCases.TestSignIn [ValidateTestSignInFail] - User logging in

23-Jan-2021 19:27:25.628  INFO  [main] amazonTestCases.TestSignIn [ValidateTestSignInFail] - Amazon Sign In After clicking on login button 

23-Jan-2021 19:27:28.647  INFO  [main] amazonTestCases.TestSignIn [ValidateTestSignInFail] - Login Failes , due to incorrect password

23-Jan-2021 19:29:31.915  INFO  [main] amazonTestCases.TestSignIn [ValidateTestSignIn] - Title of the page : Online Shopping site in India: Shop Online for Mobiles, Books, Watches, Shoes and More - Amazon.in

23-Jan-2021 19:29:40.922  INFO  [main] amazonTestCases.TestSignIn [ValidateTestSignIn] - User logging in

23-Jan-2021 19:29:56.866  INFO  [main] amazonTestCases.TestSignIn [ValidateTestSignInFail] - Title of the page : Online Shopping site in India: Shop Online for Mobiles, Books, Watches, Shoes and More - Amazon.in

23-Jan-2021 19:30:05.876  INFO  [main] amazonTestCases.TestSignIn [ValidateTestSignInFail] - User logging in

23-Jan-2021 19:30:06.126  INFO  [main] amazonTestCases.TestSignIn [ValidateTestSignInFail] - Amazon Sign In After clicking on login button 

23-Jan-2021 19:30:08.910  INFO  [main] amazonTestCases.TestSignIn [ValidateTestSignInFail] - Login Failes , due to incorrect password

23-Jan-2021 19:40:03.463  INFO  [main] amazonTestCases.TestSignIn [ValidateTestSignIn] - Title of the page : Online Shopping site in India: Shop Online for Mobiles, Books, Watches, Shoes and More - Amazon.in

23-Jan-2021 19:40:09.135  INFO  [main] amazonTestCases.TestSignIn [ValidateTestSignIn] - User logging in

23-Jan-2021 19:40:33.208  INFO  [main] amazonTestCases.TestSignIn [ValidateTestSignInFail] - Title of the page : Online Shopping site in India: Shop Online for Mobiles, Books, Watches, Shoes and More - Amazon.in

23-Jan-2021 19:40:40.820  INFO  [main] amazonTestCases.TestSignIn [ValidateTestSignInFail] - User logging in

23-Jan-2021 19:40:43.977  INFO  [main] amazonTestCases.TestSignIn [ValidateTestSignInFail] - Amazon Sign In After clicking on login button 

23-Jan-2021 19:40:43.997  INFO  [main] amazonTestCases.TestSignIn [ValidateTestSignInFail] - Login Failes , due to incorrect password

23-Jan-2021 19:51:15.060  INFO  [main] amazonTestCases.TestSignIn [ValidateTestSignIn] - Title of the page : Online Shopping site in India: Shop Online for Mobiles, Books, Watches, Shoes and More - Amazon.in

23-Jan-2021 19:51:24.190  INFO  [main] amazonTestCases.TestSignIn [ValidateTestSignIn] - User logging in

23-Jan-2021 19:58:47.059  INFO  [main] amazonTestCases.TestSignIn [ValidateTestSignIn] - Title of the page : Online Shopping site in India: Shop Online for Mobiles, Books, Watches, Shoes and More - Amazon.in

23-Jan-2021 19:58:54.304  INFO  [main] amazonTestCases.TestSignIn [ValidateTestSignIn] - User logging in

23-Jan-2021 20:00:47.833  INFO  [main] amazonTestCases.TestSignIn [ValidateTestSignIn] - Title of the page : Online Shopping site in India: Shop Online for Mobiles, Books, Watches, Shoes and More - Amazon.in

23-Jan-2021 20:01:09.315  INFO  [main] amazonTestCases.TestSignIn [ValidateTestSignIn] - User logging in

23-Jan-2021 20:03:45.193  INFO  [main] amazonTestCases.TestSignIn [ValidateTestSignIn] - Title of the page : Online Shopping site in India: Shop Online for Mobiles, Books, Watches, Shoes and More - Amazon.in

23-Jan-2021 20:03:51.228  INFO  [main] amazonTestCases.TestSignIn [ValidateTestSignIn] - User logging in

24-Jan-2021 13:38:51.737  INFO  [main] amazonTestCases.TestSignIn [ValidateTestSignIn] - Title of the page : Online Shopping site in India: Shop Online for Mobiles, Books, Watches, Shoes and More - Amazon.in

24-Jan-2021 13:38:56.534  INFO  [main] amazonTestCases.TestSignIn [ValidateTestSignIn] - User logging in

24-Jan-2021 13:39:04.979  INFO  [main] amazonTestCases.TestSignIn [ValidateTestSignInFail] - Title of the page : Online Shopping site in India: Shop Online for Mobiles, Books, Watches, Shoes and More - Amazon.in

24-Jan-2021 13:39:09.649  INFO  [main] amazonTestCases.TestSignIn [ValidateTestSignInFail] - User logging in

24-Jan-2021 13:39:13.319  INFO  [main] amazonTestCases.TestSignIn [ValidateTestSignInFail] - Amazon Sign In After clicking on login button 

24-Jan-2021 13:39:13.337  INFO  [main] amazonTestCases.TestSignIn [ValidateTestSignInFail] - Login Failes , due to incorrect password

24-Jan-2021 14:21:49.963  INFO  [main] amazonTestCases.TestSignIn [ValidateTestSignIn] - Title of the page : Online Shopping site in India: Shop Online for Mobiles, Books, Watches, Shoes and More - Amazon.in

24-Jan-2021 14:21:55.807  INFO  [main] amazonTestCases.TestSignIn [ValidateTestSignIn] - User logging in

24-Jan-2021 14:22:03.621  INFO  [main] amazonTestCases.TestSignIn [ValidateTestSignInFail] - Title of the page : Online Shopping site in India: Shop Online for Mobiles, Books, Watches, Shoes and More - Amazon.in

24-Jan-2021 14:22:08.452  INFO  [main] amazonTestCases.TestSignIn [ValidateTestSignInFail] - User logging in

24-Jan-2021 14:22:12.825  INFO  [main] amazonTestCases.TestSignIn [ValidateTestSignInFail] - Amazon Sign In After clicking on login button 

24-Jan-2021 14:22:12.845  INFO  [main] amazonTestCases.TestSignIn [ValidateTestSignInFail] - Login Failes , due to incorrect password

24-Jan-2021 20:08:41.915  INFO  [main] amazonTestCases.TestSignIn [ValidateTestSignIn] - Title of the page : Online Shopping site in India: Shop Online for Mobiles, Books, Watches, Shoes and More - Amazon.in

24-Jan-2021 20:09:00.131  INFO  [main] amazonTestCases.TestSignIn [ValidateTestSignIn] - User logging in

24-Jan-2021 20:10:17.695  INFO  [main] amazonTestCases.TestSignIn [ValidateTestSignInFail] - Title of the page : Online Shopping site in India: Shop Online for Mobiles, Books, Watches, Shoes and More - Amazon.in

24-Jan-2021 20:10:23.667  INFO  [main] amazonTestCases.TestSignIn [ValidateTestSignInFail] - User logging in

24-Jan-2021 20:10:27.924  INFO  [main] amazonTestCases.TestSignIn [ValidateTestSignInFail] - Amazon Sign In After clicking on login button 

24-Jan-2021 20:10:27.946  INFO  [main] amazonTestCases.TestSignIn [ValidateTestSignInFail] - Login Failes , due to incorrect password

24-Jan-2021 21:30:30.390  INFO  [main] amazonTestCases.TestSignIn [ValidateTestSignIn] - Title of the page : Online Shopping site in India: Shop Online for Mobiles, Books, Watches, Shoes and More - Amazon.in

24-Jan-2021 21:30:37.814  INFO  [main] amazonTestCases.TestSignIn [ValidateTestSignIn] - User logging in

24-Jan-2021 23:18:13.559  INFO  [main] amazonTestCases.SignInTest [ValidateTestSignIn] - Title of the page : Online Shopping site in India: Shop Online for Mobiles, Books, Watches, Shoes and More - Amazon.in

24-Jan-2021 23:18:21.427  INFO  [main] amazonTestCases.SignInTest [ValidateTestSignIn] - User logging in

26-Jan-2021 20:15:30.470  INFO  [main] amazonTestCases.SignInTest [ValidateTestSignIn] - Title of the page : Online Shopping site in India: Shop Online for Mobiles, Books, Watches, Shoes and More - Amazon.in

26-Jan-2021 20:15:33.806  INFO  [main] amazonTestCases.SignInTest [ValidateTestSignIn] - User logging in

26-Jan-2021 20:17:11.180  INFO  [main] amazonTestCases.SignInTest [ValidateTestSignIn] - Title of the page : Online Shopping site in India: Shop Online for Mobiles, Books, Watches, Shoes and More - Amazon.in

26-Jan-2021 20:17:13.567  INFO  [main] amazonTestCases.SignInTest [ValidateTestSignIn] - User logging in

27-Jan-2021 18:43:58.408  INFO  [main] amazonTestCases.SignInTest [ValidateTestSignIn] - Title of the page : Online Shopping site in India: Shop Online for Mobiles, Books, Watches, Shoes and More - Amazon.in

27-Jan-2021 18:44:01.134  INFO  [main] amazonTestCases.SignInTest [ValidateTestSignIn] - User logging in

28-Jan-2021 13:49:43.579  INFO  [main] amazonTestCases.SignInTest [ValidateTestSignIn] - Title of the page : Online Shopping site in India: Shop Online for Mobiles, Books, Watches, Shoes and More - Amazon.in

28-Jan-2021 13:49:46.388  INFO  [main] amazonTestCases.SignInTest [ValidateTestSignIn] - User logging in

28-Jan-2021 14:42:32.342  INFO  [main] amazonTestCases.SignInTest [ValidateTestSignIn] - Title of the page : Online Shopping site in India: Shop Online for Mobiles, Books, Watches, Shoes and More - Amazon.in

28-Jan-2021 14:42:34.670  INFO  [main] amazonTestCases.SignInTest [ValidateTestSignIn] - User logging in

28-Jan-2021 22:27:46.468  INFO  [main] amazonTestCases.SignInTest [ValidateTestSignIn] - Title of the page : Online Shopping site in India: Shop Online for Mobiles, Books, Watches, Shoes and More - Amazon.in

28-Jan-2021 22:27:51.152  INFO  [main] amazonTestCases.SignInTest [ValidateTestSignIn] - User logging in

28-Jan-2021 22:47:22.312  INFO  [main] amazonTestCases.SignInTest [ValidateTestSignIn] - Title of the page : Online Shopping site in India: Shop Online for Mobiles, Books, Watches, Shoes and More - Amazon.in

28-Jan-2021 22:47:27.771  INFO  [main] amazonTestCases.SignInTest [ValidateTestSignIn] - User logging in

28-Jan-2021 22:54:08.063  INFO  [main] amazonTestCases.SignInTest [ValidateTestSignIn] - Title of the page : Online Shopping site in India: Shop Online for Mobiles, Books, Watches, Shoes and More - Amazon.in

28-Jan-2021 22:54:12.477  INFO  [main] amazonTestCases.SignInTest [ValidateTestSignIn] - User logging in

28-Jan-2021 22:56:40.634  INFO  [main] amazonTestCases.SignInTest [ValidateTestSignIn] - Title of the page : Online Shopping site in India: Shop Online for Mobiles, Books, Watches, Shoes and More - Amazon.in

28-Jan-2021 22:56:44.764  INFO  [main] amazonTestCases.SignInTest [ValidateTestSignIn] - User logging in

28-Jan-2021 22:57:16.415  INFO  [main] amazonTestCases.SignInTest [ValidateTestSignIn] - Title of the page : Online Shopping site in India: Shop Online for Mobiles, Books, Watches, Shoes and More - Amazon.in

28-Jan-2021 22:57:21.937  INFO  [main] amazonTestCases.SignInTest [ValidateTestSignIn] - User logging in

28-Jan-2021 22:58:56.959  INFO  [main] amazonTestCases.SignInTest [ValidateTestSignIn] - Title of the page : Online Shopping site in India: Shop Online for Mobiles, Books, Watches, Shoes and More - Amazon.in

28-Jan-2021 22:59:04.892  INFO  [main] amazonTestCases.SignInTest [ValidateTestSignIn] - User logging in

28-Jan-2021 23:25:01.012  INFO  [main] amazonTestCases.SignInTest [ValidateTestSignIn] - Title of the page : Online Shopping site in India: Shop Online for Mobiles, Books, Watches, Shoes and More - Amazon.in

28-Jan-2021 23:25:09.053  INFO  [main] amazonTestCases.SignInTest [ValidateTestSignIn] - User logging in

28-Jan-2021 23:25:32.383  INFO  [main] amazonTestCases.SignInTest [ValidateTestSignIn] - Title of the page : Online Shopping site in India: Shop Online for Mobiles, Books, Watches, Shoes and More - Amazon.in

28-Jan-2021 23:25:38.435  INFO  [main] amazonTestCases.SignInTest [ValidateTestSignIn] - User logging in

28-Jan-2021 23:39:32.255  INFO  [main] amazonTestCases.SignInTest [ValidateTestSignIn] - Title of the page : Online Shopping site in India: Shop Online for Mobiles, Books, Watches, Shoes and More - Amazon.in

28-Jan-2021 23:39:37.246  INFO  [main] amazonTestCases.SignInTest [ValidateTestSignIn] - User logging in

28-Jan-2021 23:41:36.686  INFO  [main] amazonTestCases.SignInTest [ValidateTestSignIn] - Title of the page : Online Shopping site in India: Shop Online for Mobiles, Books, Watches, Shoes and More - Amazon.in

28-Jan-2021 23:41:42.725  INFO  [main] amazonTestCases.SignInTest [ValidateTestSignIn] - User logging in

29-Jan-2021 22:06:45.084  INFO  [main] amazonTestCases.SignInTest [ValidateTestSignIn] - Title of the page : Online Shopping site in India: Shop Online for Mobiles, Books, Watches, Shoes and More - Amazon.in

29-Jan-2021 22:06:50.479  INFO  [main] amazonTestCases.SignInTest [ValidateTestSignIn] - User logging in

29-Jan-2021 22:09:55.542  INFO  [main] amazonTestCases.SignInTest [ValidateTestSignIn] - Title of the page : Online Shopping site in India: Shop Online for Mobiles, Books, Watches, Shoes and More - Amazon.in

29-Jan-2021 22:10:00.204  INFO  [main] amazonTestCases.SignInTest [ValidateTestSignIn] - User logging in

29-Jan-2021 22:17:56.247  INFO  [main] amazonTestCases.SignInTest [ValidateTestSignIn] - Title of the page : Online Shopping site in India: Shop Online for Mobiles, Books, Watches, Shoes and More - Amazon.in

29-Jan-2021 22:18:01.122  INFO  [main] amazonTestCases.SignInTest [ValidateTestSignIn] - User logging in

29-Jan-2021 22:46:45.936  INFO  [main] amazonTestCases.SignInTest [ValidateTestSignIn] - Title of the page : Online Shopping site in India: Shop Online for Mobiles, Books, Watches, Shoes and More - Amazon.in

29-Jan-2021 22:46:50.181  INFO  [main] amazonTestCases.SignInTest [ValidateTestSignIn] - User logging in

